{"/Users/juancamiloclementsantacruz/Desktop/robot-simulator-testing/robot.js": {"path":"/Users/juancamiloclementsantacruz/Desktop/robot-simulator-testing/robot.js","statementMap":{"0":{"start":{"line":1,"column":23},"end":{"line":107,"column":1}},"1":{"start":{"line":3,"column":30},"end":{"line":3,"column":61}},"2":{"start":{"line":5,"column":19},"end":{"line":5,"column":24}},"3":{"start":{"line":6,"column":22},"end":{"line":6,"column":31}},"4":{"start":{"line":11,"column":8},"end":{"line":19,"column":9}},"5":{"start":{"line":12,"column":12},"end":{"line":16,"column":13}},"6":{"start":{"line":13,"column":16},"end":{"line":13,"column":51}},"7":{"start":{"line":15,"column":16},"end":{"line":15,"column":60}},"8":{"start":{"line":18,"column":12},"end":{"line":18,"column":44}},"9":{"start":{"line":21,"column":4},"end":{"line":21,"column":23}},"10":{"start":{"line":24,"column":8},"end":{"line":32,"column":9}},"11":{"start":{"line":25,"column":12},"end":{"line":29,"column":13}},"12":{"start":{"line":26,"column":16},"end":{"line":26,"column":54}},"13":{"start":{"line":28,"column":16},"end":{"line":28,"column":66}},"14":{"start":{"line":31,"column":12},"end":{"line":31,"column":46}},"15":{"start":{"line":34,"column":4},"end":{"line":34,"column":26}},"16":{"start":{"line":36,"column":24},"end":{"line":41,"column":5}},"17":{"start":{"line":37,"column":8},"end":{"line":40,"column":9}},"18":{"start":{"line":43,"column":22},"end":{"line":57,"column":5}},"19":{"start":{"line":44,"column":8},"end":{"line":56,"column":9}},"20":{"start":{"line":45,"column":12},"end":{"line":45,"column":33}},"21":{"start":{"line":46,"column":12},"end":{"line":46,"column":19}},"22":{"start":{"line":47,"column":15},"end":{"line":56,"column":9}},"23":{"start":{"line":48,"column":12},"end":{"line":48,"column":34}},"24":{"start":{"line":49,"column":12},"end":{"line":49,"column":19}},"25":{"start":{"line":50,"column":15},"end":{"line":56,"column":9}},"26":{"start":{"line":51,"column":12},"end":{"line":51,"column":33}},"27":{"start":{"line":52,"column":12},"end":{"line":52,"column":19}},"28":{"start":{"line":53,"column":15},"end":{"line":56,"column":9}},"29":{"start":{"line":54,"column":12},"end":{"line":54,"column":34}},"30":{"start":{"line":55,"column":12},"end":{"line":55,"column":19}},"31":{"start":{"line":59,"column":21},"end":{"line":69,"column":5}},"32":{"start":{"line":60,"column":8},"end":{"line":68,"column":9}},"33":{"start":{"line":61,"column":12},"end":{"line":61,"column":33}},"34":{"start":{"line":62,"column":15},"end":{"line":68,"column":9}},"35":{"start":{"line":63,"column":12},"end":{"line":63,"column":34}},"36":{"start":{"line":64,"column":15},"end":{"line":68,"column":9}},"37":{"start":{"line":65,"column":12},"end":{"line":65,"column":33}},"38":{"start":{"line":66,"column":15},"end":{"line":68,"column":9}},"39":{"start":{"line":67,"column":12},"end":{"line":67,"column":34}},"40":{"start":{"line":71,"column":20},"end":{"line":81,"column":5}},"41":{"start":{"line":72,"column":8},"end":{"line":80,"column":9}},"42":{"start":{"line":73,"column":12},"end":{"line":73,"column":19}},"43":{"start":{"line":74,"column":15},"end":{"line":80,"column":9}},"44":{"start":{"line":75,"column":12},"end":{"line":75,"column":19}},"45":{"start":{"line":76,"column":15},"end":{"line":80,"column":9}},"46":{"start":{"line":77,"column":12},"end":{"line":77,"column":19}},"47":{"start":{"line":78,"column":15},"end":{"line":80,"column":9}},"48":{"start":{"line":79,"column":12},"end":{"line":79,"column":19}},"49":{"start":{"line":83,"column":17},"end":{"line":94,"column":5}},"50":{"start":{"line":84,"column":22},"end":{"line":84,"column":44}},"51":{"start":{"line":85,"column":8},"end":{"line":93,"column":11}},"52":{"start":{"line":86,"column":12},"end":{"line":92,"column":13}},"53":{"start":{"line":87,"column":16},"end":{"line":87,"column":28}},"54":{"start":{"line":88,"column":19},"end":{"line":92,"column":13}},"55":{"start":{"line":89,"column":16},"end":{"line":89,"column":27}},"56":{"start":{"line":90,"column":19},"end":{"line":92,"column":13}},"57":{"start":{"line":91,"column":16},"end":{"line":91,"column":26}},"58":{"start":{"line":96,"column":4},"end":{"line":106,"column":5}},"59":{"start":{"line":109,"column":0},"end":{"line":109,"column":32}}},"fnMap":{"0":{"name":"(anonymous_0)","decl":{"start":{"line":1,"column":23},"end":{"line":1,"column":24}},"loc":{"start":{"line":1,"column":44},"end":{"line":107,"column":1}},"line":1},"1":{"name":"validatePosition","decl":{"start":{"line":10,"column":13},"end":{"line":10,"column":29}},"loc":{"start":{"line":10,"column":32},"end":{"line":20,"column":5}},"line":10},"2":{"name":"validateOrientation","decl":{"start":{"line":23,"column":13},"end":{"line":23,"column":32}},"loc":{"start":{"line":23,"column":35},"end":{"line":33,"column":5}},"line":23},"3":{"name":"(anonymous_3)","decl":{"start":{"line":36,"column":24},"end":{"line":36,"column":25}},"loc":{"start":{"line":36,"column":30},"end":{"line":41,"column":5}},"line":36},"4":{"name":"(anonymous_4)","decl":{"start":{"line":43,"column":22},"end":{"line":43,"column":23}},"loc":{"start":{"line":43,"column":28},"end":{"line":57,"column":5}},"line":43},"5":{"name":"(anonymous_5)","decl":{"start":{"line":59,"column":21},"end":{"line":59,"column":22}},"loc":{"start":{"line":59,"column":27},"end":{"line":69,"column":5}},"line":59},"6":{"name":"(anonymous_6)","decl":{"start":{"line":71,"column":20},"end":{"line":71,"column":21}},"loc":{"start":{"line":71,"column":26},"end":{"line":81,"column":5}},"line":71},"7":{"name":"(anonymous_7)","decl":{"start":{"line":83,"column":17},"end":{"line":83,"column":18}},"loc":{"start":{"line":83,"column":35},"end":{"line":94,"column":5}},"line":83},"8":{"name":"(anonymous_8)","decl":{"start":{"line":85,"column":18},"end":{"line":85,"column":19}},"loc":{"start":{"line":85,"column":31},"end":{"line":93,"column":9}},"line":85}},"branchMap":{"0":{"loc":{"start":{"line":12,"column":12},"end":{"line":16,"column":13}},"type":"if","locations":[{"start":{"line":12,"column":12},"end":{"line":16,"column":13}},{"start":{"line":14,"column":19},"end":{"line":16,"column":13}}],"line":12},"1":{"loc":{"start":{"line":12,"column":16},"end":{"line":12,"column":50}},"type":"binary-expr","locations":[{"start":{"line":12,"column":16},"end":{"line":12,"column":22}},{"start":{"line":12,"column":26},"end":{"line":12,"column":31}},{"start":{"line":12,"column":35},"end":{"line":12,"column":41}},{"start":{"line":12,"column":45},"end":{"line":12,"column":50}}],"line":12},"2":{"loc":{"start":{"line":25,"column":12},"end":{"line":29,"column":13}},"type":"if","locations":[{"start":{"line":25,"column":12},"end":{"line":29,"column":13}},{"start":{"line":27,"column":19},"end":{"line":29,"column":13}}],"line":25},"3":{"loc":{"start":{"line":44,"column":8},"end":{"line":56,"column":9}},"type":"if","locations":[{"start":{"line":44,"column":8},"end":{"line":56,"column":9}},{"start":{"line":47,"column":15},"end":{"line":56,"column":9}}],"line":44},"4":{"loc":{"start":{"line":47,"column":15},"end":{"line":56,"column":9}},"type":"if","locations":[{"start":{"line":47,"column":15},"end":{"line":56,"column":9}},{"start":{"line":50,"column":15},"end":{"line":56,"column":9}}],"line":47},"5":{"loc":{"start":{"line":50,"column":15},"end":{"line":56,"column":9}},"type":"if","locations":[{"start":{"line":50,"column":15},"end":{"line":56,"column":9}},{"start":{"line":53,"column":15},"end":{"line":56,"column":9}}],"line":50},"6":{"loc":{"start":{"line":53,"column":15},"end":{"line":56,"column":9}},"type":"if","locations":[{"start":{"line":53,"column":15},"end":{"line":56,"column":9}},{"start":{},"end":{}}],"line":53},"7":{"loc":{"start":{"line":60,"column":8},"end":{"line":68,"column":9}},"type":"if","locations":[{"start":{"line":60,"column":8},"end":{"line":68,"column":9}},{"start":{"line":62,"column":15},"end":{"line":68,"column":9}}],"line":60},"8":{"loc":{"start":{"line":62,"column":15},"end":{"line":68,"column":9}},"type":"if","locations":[{"start":{"line":62,"column":15},"end":{"line":68,"column":9}},{"start":{"line":64,"column":15},"end":{"line":68,"column":9}}],"line":62},"9":{"loc":{"start":{"line":64,"column":15},"end":{"line":68,"column":9}},"type":"if","locations":[{"start":{"line":64,"column":15},"end":{"line":68,"column":9}},{"start":{"line":66,"column":15},"end":{"line":68,"column":9}}],"line":64},"10":{"loc":{"start":{"line":66,"column":15},"end":{"line":68,"column":9}},"type":"if","locations":[{"start":{"line":66,"column":15},"end":{"line":68,"column":9}},{"start":{},"end":{}}],"line":66},"11":{"loc":{"start":{"line":72,"column":8},"end":{"line":80,"column":9}},"type":"if","locations":[{"start":{"line":72,"column":8},"end":{"line":80,"column":9}},{"start":{"line":74,"column":15},"end":{"line":80,"column":9}}],"line":72},"12":{"loc":{"start":{"line":74,"column":15},"end":{"line":80,"column":9}},"type":"if","locations":[{"start":{"line":74,"column":15},"end":{"line":80,"column":9}},{"start":{"line":76,"column":15},"end":{"line":80,"column":9}}],"line":74},"13":{"loc":{"start":{"line":76,"column":15},"end":{"line":80,"column":9}},"type":"if","locations":[{"start":{"line":76,"column":15},"end":{"line":80,"column":9}},{"start":{"line":78,"column":15},"end":{"line":80,"column":9}}],"line":76},"14":{"loc":{"start":{"line":78,"column":15},"end":{"line":80,"column":9}},"type":"if","locations":[{"start":{"line":78,"column":15},"end":{"line":80,"column":9}},{"start":{},"end":{}}],"line":78},"15":{"loc":{"start":{"line":86,"column":12},"end":{"line":92,"column":13}},"type":"if","locations":[{"start":{"line":86,"column":12},"end":{"line":92,"column":13}},{"start":{"line":88,"column":19},"end":{"line":92,"column":13}}],"line":86},"16":{"loc":{"start":{"line":88,"column":19},"end":{"line":92,"column":13}},"type":"if","locations":[{"start":{"line":88,"column":19},"end":{"line":92,"column":13}},{"start":{"line":90,"column":19},"end":{"line":92,"column":13}}],"line":88},"17":{"loc":{"start":{"line":90,"column":19},"end":{"line":92,"column":13}},"type":"if","locations":[{"start":{"line":90,"column":19},"end":{"line":92,"column":13}},{"start":{},"end":{}}],"line":90}},"s":{"0":1,"1":17,"2":17,"3":17,"4":17,"5":17,"6":1,"7":16,"8":1,"9":17,"10":17,"11":17,"12":1,"13":16,"14":1,"15":17,"16":17,"17":13,"18":17,"19":5,"20":2,"21":2,"22":3,"23":1,"24":1,"25":2,"26":1,"27":1,"28":1,"29":1,"30":1,"31":17,"32":6,"33":2,"34":4,"35":1,"36":3,"37":1,"38":2,"39":2,"40":17,"41":7,"42":2,"43":5,"44":3,"45":2,"46":1,"47":1,"48":1,"49":17,"50":1,"51":1,"52":6,"53":1,"54":5,"55":2,"56":3,"57":3,"58":17,"59":1},"f":{"0":17,"1":17,"2":17,"3":13,"4":5,"5":6,"6":7,"7":1,"8":6},"b":{"0":[1,16],"1":[17,16,16,16],"2":[1,16],"3":[2,3],"4":[1,2],"5":[1,1],"6":[1,0],"7":[2,4],"8":[1,3],"9":[1,2],"10":[2,0],"11":[2,5],"12":[3,2],"13":[1,1],"14":[1,0],"15":[1,5],"16":[2,3],"17":[3,0]},"_coverageSchema":"1a1c01bbd47fc00a2c39e90264f33305004495a9","hash":"dcdd9c4447aaade1b81e8527407f93f5bc9a934e"}
}
