TN:
SF:robot.js
FN:1,(anonymous_0)
FN:10,validatePosition
FN:23,validateOrientation
FN:36,(anonymous_3)
FN:43,(anonymous_4)
FN:59,(anonymous_5)
FN:71,(anonymous_6)
FN:83,(anonymous_7)
FN:85,(anonymous_8)
FNF:9
FNH:9
FNDA:17,(anonymous_0)
FNDA:17,validatePosition
FNDA:17,validateOrientation
FNDA:13,(anonymous_3)
FNDA:5,(anonymous_4)
FNDA:6,(anonymous_5)
FNDA:7,(anonymous_6)
FNDA:1,(anonymous_7)
FNDA:6,(anonymous_8)
DA:1,1
DA:3,17
DA:5,17
DA:6,17
DA:11,17
DA:12,17
DA:13,1
DA:15,16
DA:18,1
DA:21,17
DA:24,17
DA:25,17
DA:26,1
DA:28,16
DA:31,1
DA:34,17
DA:36,17
DA:37,13
DA:43,17
DA:44,5
DA:45,2
DA:46,2
DA:47,3
DA:48,1
DA:49,1
DA:50,2
DA:51,1
DA:52,1
DA:53,1
DA:54,1
DA:55,1
DA:59,17
DA:60,6
DA:61,2
DA:62,4
DA:63,1
DA:64,3
DA:65,1
DA:66,2
DA:67,2
DA:71,17
DA:72,7
DA:73,2
DA:74,5
DA:75,3
DA:76,2
DA:77,1
DA:78,1
DA:79,1
DA:83,17
DA:84,1
DA:85,1
DA:86,6
DA:87,1
DA:88,5
DA:89,2
DA:90,3
DA:91,3
DA:96,17
DA:109,1
LF:60
LH:60
BRDA:12,0,0,1
BRDA:12,0,1,16
BRDA:12,1,0,17
BRDA:12,1,1,16
BRDA:12,1,2,16
BRDA:12,1,3,16
BRDA:25,2,0,1
BRDA:25,2,1,16
BRDA:44,3,0,2
BRDA:44,3,1,3
BRDA:47,4,0,1
BRDA:47,4,1,2
BRDA:50,5,0,1
BRDA:50,5,1,1
BRDA:53,6,0,1
BRDA:53,6,1,0
BRDA:60,7,0,2
BRDA:60,7,1,4
BRDA:62,8,0,1
BRDA:62,8,1,3
BRDA:64,9,0,1
BRDA:64,9,1,2
BRDA:66,10,0,2
BRDA:66,10,1,0
BRDA:72,11,0,2
BRDA:72,11,1,5
BRDA:74,12,0,3
BRDA:74,12,1,2
BRDA:76,13,0,1
BRDA:76,13,1,1
BRDA:78,14,0,1
BRDA:78,14,1,0
BRDA:86,15,0,1
BRDA:86,15,1,5
BRDA:88,16,0,2
BRDA:88,16,1,3
BRDA:90,17,0,3
BRDA:90,17,1,0
BRF:38
BRH:34
end_of_record
